id 2602
127.0.0.1 - - [29/Jan/2023 03:22:24] "POST /upload HTTP/1.1" 200 30
id 9159
127.0.0.1 - - [29/Jan/2023 03:51:36] "POST /upload HTTP/1.1" 200 30
/home/viktor/anaconda3/envs/openmmlab/lib/python3.8/site-packages/mmcv/__init__.py:20: UserWarning: On January 1, 2023, MMCV will release v2.0.0, in which it will remove components related to the training process and add a data transformation module. In addition, it will rename the package names mmcv to mmcv-lite and mmcv-full to mmcv. See https://github.com/open-mmlab/mmcv/blob/master/docs/en/compatibility.md for more details.
  warnings.warn(
/home/viktor/Tools/mmdetection/mmdet/datasets/utils.py:66: UserWarning: "ImageToTensor" pipeline is replaced by "DefaultFormatBundle" for batch inference. It is recommended to manually replace it in the test data pipeline in your config file.
  warnings.warn(
start id= 9159
load checkpoint from local path: mask_rcnn_r50_caffe_fpn_mstrain-poly_3x_coco_bbox_mAP-0.408__segm_mAP-0.37_20200504_163245-42aa3d00.pth
processing time: 3
id 5356
127.0.0.1 - - [29/Jan/2023 03:53:24] "POST /upload HTTP/1.1" 200 30
/home/viktor/anaconda3/envs/openmmlab/lib/python3.8/site-packages/mmcv/__init__.py:20: UserWarning: On January 1, 2023, MMCV will release v2.0.0, in which it will remove components related to the training process and add a data transformation module. In addition, it will rename the package names mmcv to mmcv-lite and mmcv-full to mmcv. See https://github.com/open-mmlab/mmcv/blob/master/docs/en/compatibility.md for more details.
  warnings.warn(
/home/viktor/Tools/mmdetection/mmdet/datasets/utils.py:66: UserWarning: "ImageToTensor" pipeline is replaced by "DefaultFormatBundle" for batch inference. It is recommended to manually replace it in the test data pipeline in your config file.
  warnings.warn(
start id= 5356
load checkpoint from local path: mask_rcnn_r50_caffe_fpn_mstrain-poly_3x_coco_bbox_mAP-0.408__segm_mAP-0.37_20200504_163245-42aa3d00.pth
processing time: 3
id 6815
127.0.0.1 - - [29/Jan/2023 04:13:54] "POST /upload HTTP/1.1" 200 30
/home/viktor/anaconda3/envs/openmmlab/lib/python3.8/site-packages/mmcv/__init__.py:20: UserWarning: On January 1, 2023, MMCV will release v2.0.0, in which it will remove components related to the training process and add a data transformation module. In addition, it will rename the package names mmcv to mmcv-lite and mmcv-full to mmcv. See https://github.com/open-mmlab/mmcv/blob/master/docs/en/compatibility.md for more details.
  warnings.warn(
/home/viktor/Tools/mmdetection/mmdet/datasets/utils.py:66: UserWarning: "ImageToTensor" pipeline is replaced by "DefaultFormatBundle" for batch inference. It is recommended to manually replace it in the test data pipeline in your config file.
  warnings.warn(
start id= 6815
load checkpoint from local path: mask_rcnn_r50_caffe_fpn_mstrain-poly_3x_coco_bbox_mAP-0.408__segm_mAP-0.37_20200504_163245-42aa3d00.pth
processing time: 3
id 3965
127.0.0.1 - - [29/Jan/2023 04:26:35] "POST /upload HTTP/1.1" 200 30
/home/viktor/anaconda3/envs/openmmlab/lib/python3.8/site-packages/mmcv/__init__.py:20: UserWarning: On January 1, 2023, MMCV will release v2.0.0, in which it will remove components related to the training process and add a data transformation module. In addition, it will rename the package names mmcv to mmcv-lite and mmcv-full to mmcv. See https://github.com/open-mmlab/mmcv/blob/master/docs/en/compatibility.md for more details.
  warnings.warn(
/home/viktor/Tools/mmdetection/mmdet/datasets/utils.py:66: UserWarning: "ImageToTensor" pipeline is replaced by "DefaultFormatBundle" for batch inference. It is recommended to manually replace it in the test data pipeline in your config file.
  warnings.warn(
start id= 3965
load checkpoint from local path: mask_rcnn_r50_caffe_fpn_mstrain-poly_3x_coco_bbox_mAP-0.408__segm_mAP-0.37_20200504_163245-42aa3d00.pth
processing time: 2
id 6250
127.0.0.1 - - [29/Jan/2023 05:24:32] "POST /upload HTTP/1.1" 200 30
/home/viktor/anaconda3/envs/openmmlab/lib/python3.8/site-packages/mmcv/__init__.py:20: UserWarning: On January 1, 2023, MMCV will release v2.0.0, in which it will remove components related to the training process and add a data transformation module. In addition, it will rename the package names mmcv to mmcv-lite and mmcv-full to mmcv. See https://github.com/open-mmlab/mmcv/blob/master/docs/en/compatibility.md for more details.
  warnings.warn(
/home/viktor/Tools/mmdetection/mmdet/datasets/utils.py:66: UserWarning: "ImageToTensor" pipeline is replaced by "DefaultFormatBundle" for batch inference. It is recommended to manually replace it in the test data pipeline in your config file.
  warnings.warn(
start id= 6250
load checkpoint from local path: mask_rcnn_r50_caffe_fpn_mstrain-poly_3x_coco_bbox_mAP-0.408__segm_mAP-0.37_20200504_163245-42aa3d00.pth
processing time: 11
id 9749
127.0.0.1 - - [29/Jan/2023 05:36:22] "POST /upload HTTP/1.1" 200 30
/home/viktor/anaconda3/envs/openmmlab/lib/python3.8/site-packages/mmcv/__init__.py:20: UserWarning: On January 1, 2023, MMCV will release v2.0.0, in which it will remove components related to the training process and add a data transformation module. In addition, it will rename the package names mmcv to mmcv-lite and mmcv-full to mmcv. See https://github.com/open-mmlab/mmcv/blob/master/docs/en/compatibility.md for more details.
  warnings.warn(
/home/viktor/Tools/mmdetection/mmdet/datasets/utils.py:66: UserWarning: "ImageToTensor" pipeline is replaced by "DefaultFormatBundle" for batch inference. It is recommended to manually replace it in the test data pipeline in your config file.
  warnings.warn(
start id= 9749
load checkpoint from local path: mask_rcnn_r50_caffe_fpn_mstrain-poly_3x_coco_bbox_mAP-0.408__segm_mAP-0.37_20200504_163245-42aa3d00.pth
processing time: 3
id 6303
127.0.0.1 - - [29/Jan/2023 05:38:55] "POST /upload HTTP/1.1" 200 30
/home/viktor/anaconda3/envs/openmmlab/lib/python3.8/site-packages/mmcv/__init__.py:20: UserWarning: On January 1, 2023, MMCV will release v2.0.0, in which it will remove components related to the training process and add a data transformation module. In addition, it will rename the package names mmcv to mmcv-lite and mmcv-full to mmcv. See https://github.com/open-mmlab/mmcv/blob/master/docs/en/compatibility.md for more details.
  warnings.warn(
/home/viktor/Tools/mmdetection/mmdet/datasets/utils.py:66: UserWarning: "ImageToTensor" pipeline is replaced by "DefaultFormatBundle" for batch inference. It is recommended to manually replace it in the test data pipeline in your config file.
  warnings.warn(
start id= 6303
load checkpoint from local path: mask_rcnn_r50_caffe_fpn_mstrain-poly_3x_coco_bbox_mAP-0.408__segm_mAP-0.37_20200504_163245-42aa3d00.pth
processing time: 4
Terminating on signal 15
Now the file has more content!id 6274
127.0.0.1 - - [29/Jan/2023 15:43:10] "POST /upload HTTP/1.1" 200 30
/home/viktor/anaconda3/envs/openmmlab/lib/python3.8/site-packages/mmcv/__init__.py:20: UserWarning: On January 1, 2023, MMCV will release v2.0.0, in which it will remove components related to the training process and add a data transformation module. In addition, it will rename the package names mmcv to mmcv-lite and mmcv-full to mmcv. See https://github.com/open-mmlab/mmcv/blob/master/docs/en/compatibility.md for more details.
  warnings.warn(
/home/viktor/Tools/mmdetection/mmdet/datasets/utils.py:66: UserWarning: "ImageToTensor" pipeline is replaced by "DefaultFormatBundle" for batch inference. It is recommended to manually replace it in the test data pipeline in your config file.
  warnings.warn(
start id= 6274
load checkpoint from local path: mask_rcnn_r50_caffe_fpn_mstrain-poly_3x_coco_bbox_mAP-0.408__segm_mAP-0.37_20200504_163245-42aa3d00.pth
processing time: 4
id 9289
127.0.0.1 - - [29/Jan/2023 15:48:02] "POST /upload HTTP/1.1" 200 30
/home/viktor/anaconda3/envs/openmmlab/lib/python3.8/site-packages/mmcv/__init__.py:20: UserWarning: On January 1, 2023, MMCV will release v2.0.0, in which it will remove components related to the training process and add a data transformation module. In addition, it will rename the package names mmcv to mmcv-lite and mmcv-full to mmcv. See https://github.com/open-mmlab/mmcv/blob/master/docs/en/compatibility.md for more details.
  warnings.warn(
/home/viktor/Tools/mmdetection/mmdet/datasets/utils.py:66: UserWarning: "ImageToTensor" pipeline is replaced by "DefaultFormatBundle" for batch inference. It is recommended to manually replace it in the test data pipeline in your config file.
  warnings.warn(
start id= 9289
load checkpoint from local path: mask_rcnn_r50_caffe_fpn_mstrain-poly_3x_coco_bbox_mAP-0.408__segm_mAP-0.37_20200504_163245-42aa3d00.pth
processing time: 2
Traceback (most recent call last):
  File "/home/viktor/anaconda3/envs/openmmlab/lib/python3.8/site-packages/pyramid/tweens.py", line 13, in _error_handler
    response = request.invoke_exception_view(exc_info)
  File "/home/viktor/anaconda3/envs/openmmlab/lib/python3.8/site-packages/pyramid/view.py", line 786, in invoke_exception_view
    raise HTTPNotFound
pyramid.httpexceptions.HTTPNotFound: The resource could not be found.

During handling of the above exception, another exception occurred:

Traceback (most recent call last):
  File "/home/viktor/anaconda3/envs/openmmlab/lib/python3.8/wsgiref/handlers.py", line 137, in run
    self.result = application(self.environ, self.start_response)
  File "/home/viktor/anaconda3/envs/openmmlab/lib/python3.8/site-packages/pyramid/router.py", line 270, in __call__
    response = self.execution_policy(environ, self)
  File "/home/viktor/anaconda3/envs/openmmlab/lib/python3.8/site-packages/pyramid/router.py", line 276, in default_execution_policy
    return router.invoke_request(request)
  File "/home/viktor/anaconda3/envs/openmmlab/lib/python3.8/site-packages/pyramid/router.py", line 245, in invoke_request
    response = handle_request(request)
  File "/home/viktor/anaconda3/envs/openmmlab/lib/python3.8/site-packages/pyramid/tweens.py", line 43, in excview_tween
    response = _error_handler(request, exc)
  File "/home/viktor/anaconda3/envs/openmmlab/lib/python3.8/site-packages/pyramid/tweens.py", line 17, in _error_handler
    reraise(*exc_info)
  File "/home/viktor/anaconda3/envs/openmmlab/lib/python3.8/site-packages/pyramid/util.py", line 733, in reraise
    raise value
  File "/home/viktor/anaconda3/envs/openmmlab/lib/python3.8/site-packages/pyramid/tweens.py", line 41, in excview_tween
    response = handler(request)
  File "/home/viktor/anaconda3/envs/openmmlab/lib/python3.8/site-packages/pyramid/router.py", line 143, in handle_request
    response = _call_view(
  File "/home/viktor/anaconda3/envs/openmmlab/lib/python3.8/site-packages/pyramid/view.py", line 674, in _call_view
    response = view_callable(context, request)
  File "/home/viktor/anaconda3/envs/openmmlab/lib/python3.8/site-packages/pyramid/viewderivers.py", line 392, in viewresult_to_response
    result = view(context, request)
  File "/home/viktor/anaconda3/envs/openmmlab/lib/python3.8/site-packages/pyramid/viewderivers.py", line 141, in _requestonly_view
    response = view(request)
  File "web.py", line 26, in upload
    image_file = io.BytesIO(fileObj.file.read())
AttributeError: 'str' object has no attribute 'file'
127.0.0.1 - - [29/Jan/2023 15:53:29] "POST /upload HTTP/1.1" 500 59
id 3335
127.0.0.1 - - [29/Jan/2023 15:53:38] "POST /upload HTTP/1.1" 200 30
/home/viktor/anaconda3/envs/openmmlab/lib/python3.8/site-packages/mmcv/__init__.py:20: UserWarning: On January 1, 2023, MMCV will release v2.0.0, in which it will remove components related to the training process and add a data transformation module. In addition, it will rename the package names mmcv to mmcv-lite and mmcv-full to mmcv. See https://github.com/open-mmlab/mmcv/blob/master/docs/en/compatibility.md for more details.
  warnings.warn(
/home/viktor/Tools/mmdetection/mmdet/datasets/utils.py:66: UserWarning: "ImageToTensor" pipeline is replaced by "DefaultFormatBundle" for batch inference. It is recommended to manually replace it in the test data pipeline in your config file.
  warnings.warn(
start id= 3335
load checkpoint from local path: mask_rcnn_r50_caffe_fpn_mstrain-poly_3x_coco_bbox_mAP-0.408__segm_mAP-0.37_20200504_163245-42aa3d00.pth
processing time: 4
id 9007
127.0.0.1 - - [29/Jan/2023 16:11:04] "POST /upload HTTP/1.1" 200 30
/home/viktor/anaconda3/envs/openmmlab/lib/python3.8/site-packages/mmcv/__init__.py:20: UserWarning: On January 1, 2023, MMCV will release v2.0.0, in which it will remove components related to the training process and add a data transformation module. In addition, it will rename the package names mmcv to mmcv-lite and mmcv-full to mmcv. See https://github.com/open-mmlab/mmcv/blob/master/docs/en/compatibility.md for more details.
  warnings.warn(
/home/viktor/Tools/mmdetection/mmdet/datasets/utils.py:66: UserWarning: "ImageToTensor" pipeline is replaced by "DefaultFormatBundle" for batch inference. It is recommended to manually replace it in the test data pipeline in your config file.
  warnings.warn(
start id= 9007
load checkpoint from local path: mask_rcnn_r50_caffe_fpn_mstrain-poly_3x_coco_bbox_mAP-0.408__segm_mAP-0.37_20200504_163245-42aa3d00.pth
processing time: 4
id 3059
127.0.0.1 - - [29/Jan/2023 16:18:54] "POST /upload HTTP/1.1" 200 30
/home/viktor/anaconda3/envs/openmmlab/lib/python3.8/site-packages/mmcv/__init__.py:20: UserWarning: On January 1, 2023, MMCV will release v2.0.0, in which it will remove components related to the training process and add a data transformation module. In addition, it will rename the package names mmcv to mmcv-lite and mmcv-full to mmcv. See https://github.com/open-mmlab/mmcv/blob/master/docs/en/compatibility.md for more details.
  warnings.warn(
/home/viktor/Tools/mmdetection/mmdet/datasets/utils.py:66: UserWarning: "ImageToTensor" pipeline is replaced by "DefaultFormatBundle" for batch inference. It is recommended to manually replace it in the test data pipeline in your config file.
  warnings.warn(
start id= 3059
load checkpoint from local path: mask_rcnn_r50_caffe_fpn_mstrain-poly_3x_coco_bbox_mAP-0.408__segm_mAP-0.37_20200504_163245-42aa3d00.pth
processing time: 4
id 9974
127.0.0.1 - - [29/Jan/2023 16:24:59] "POST /upload HTTP/1.1" 200 30
/home/viktor/anaconda3/envs/openmmlab/lib/python3.8/site-packages/mmcv/__init__.py:20: UserWarning: On January 1, 2023, MMCV will release v2.0.0, in which it will remove components related to the training process and add a data transformation module. In addition, it will rename the package names mmcv to mmcv-lite and mmcv-full to mmcv. See https://github.com/open-mmlab/mmcv/blob/master/docs/en/compatibility.md for more details.
  warnings.warn(
/home/viktor/Tools/mmdetection/mmdet/datasets/utils.py:66: UserWarning: "ImageToTensor" pipeline is replaced by "DefaultFormatBundle" for batch inference. It is recommended to manually replace it in the test data pipeline in your config file.
  warnings.warn(
start id= 9974
load checkpoint from local path: mask_rcnn_r50_caffe_fpn_mstrain-poly_3x_coco_bbox_mAP-0.408__segm_mAP-0.37_20200504_163245-42aa3d00.pth
processing time: 3
id 7743
127.0.0.1 - - [29/Jan/2023 16:29:31] "POST /upload HTTP/1.1" 200 30
/home/viktor/anaconda3/envs/openmmlab/lib/python3.8/site-packages/mmcv/__init__.py:20: UserWarning: On January 1, 2023, MMCV will release v2.0.0, in which it will remove components related to the training process and add a data transformation module. In addition, it will rename the package names mmcv to mmcv-lite and mmcv-full to mmcv. See https://github.com/open-mmlab/mmcv/blob/master/docs/en/compatibility.md for more details.
  warnings.warn(
/home/viktor/Tools/mmdetection/mmdet/datasets/utils.py:66: UserWarning: "ImageToTensor" pipeline is replaced by "DefaultFormatBundle" for batch inference. It is recommended to manually replace it in the test data pipeline in your config file.
  warnings.warn(
start id= 7743
load checkpoint from local path: mask_rcnn_r50_caffe_fpn_mstrain-poly_3x_coco_bbox_mAP-0.408__segm_mAP-0.37_20200504_163245-42aa3d00.pth
processing time: 4
id 2362
127.0.0.1 - - [29/Jan/2023 16:30:01] "POST /upload HTTP/1.1" 200 30
/home/viktor/anaconda3/envs/openmmlab/lib/python3.8/site-packages/mmcv/__init__.py:20: UserWarning: On January 1, 2023, MMCV will release v2.0.0, in which it will remove components related to the training process and add a data transformation module. In addition, it will rename the package names mmcv to mmcv-lite and mmcv-full to mmcv. See https://github.com/open-mmlab/mmcv/blob/master/docs/en/compatibility.md for more details.
  warnings.warn(
/home/viktor/Tools/mmdetection/mmdet/datasets/utils.py:66: UserWarning: "ImageToTensor" pipeline is replaced by "DefaultFormatBundle" for batch inference. It is recommended to manually replace it in the test data pipeline in your config file.
  warnings.warn(
start id= 2362
load checkpoint from local path: mask_rcnn_r50_caffe_fpn_mstrain-poly_3x_coco_bbox_mAP-0.408__segm_mAP-0.37_20200504_163245-42aa3d00.pth
processing time: 4
id 2409
127.0.0.1 - - [29/Jan/2023 16:30:28] "POST /upload HTTP/1.1" 200 30
/home/viktor/anaconda3/envs/openmmlab/lib/python3.8/site-packages/mmcv/__init__.py:20: UserWarning: On January 1, 2023, MMCV will release v2.0.0, in which it will remove components related to the training process and add a data transformation module. In addition, it will rename the package names mmcv to mmcv-lite and mmcv-full to mmcv. See https://github.com/open-mmlab/mmcv/blob/master/docs/en/compatibility.md for more details.
  warnings.warn(
/home/viktor/Tools/mmdetection/mmdet/datasets/utils.py:66: UserWarning: "ImageToTensor" pipeline is replaced by "DefaultFormatBundle" for batch inference. It is recommended to manually replace it in the test data pipeline in your config file.
  warnings.warn(
start id= 2409
load checkpoint from local path: mask_rcnn_r50_caffe_fpn_mstrain-poly_3x_coco_bbox_mAP-0.408__segm_mAP-0.37_20200504_163245-42aa3d00.pth
processing time: 4
id 8463
127.0.0.1 - - [29/Jan/2023 16:31:43] "POST /upload HTTP/1.1" 200 30
/home/viktor/anaconda3/envs/openmmlab/lib/python3.8/site-packages/mmcv/__init__.py:20: UserWarning: On January 1, 2023, MMCV will release v2.0.0, in which it will remove components related to the training process and add a data transformation module. In addition, it will rename the package names mmcv to mmcv-lite and mmcv-full to mmcv. See https://github.com/open-mmlab/mmcv/blob/master/docs/en/compatibility.md for more details.
  warnings.warn(
/home/viktor/Tools/mmdetection/mmdet/datasets/utils.py:66: UserWarning: "ImageToTensor" pipeline is replaced by "DefaultFormatBundle" for batch inference. It is recommended to manually replace it in the test data pipeline in your config file.
  warnings.warn(
start id= 8463
load checkpoint from local path: mask_rcnn_r50_caffe_fpn_mstrain-poly_3x_coco_bbox_mAP-0.408__segm_mAP-0.37_20200504_163245-42aa3d00.pth
processing time: 3
id 2930
127.0.0.1 - - [29/Jan/2023 16:31:49] "POST /upload HTTP/1.1" 200 30
/home/viktor/anaconda3/envs/openmmlab/lib/python3.8/site-packages/mmcv/__init__.py:20: UserWarning: On January 1, 2023, MMCV will release v2.0.0, in which it will remove components related to the training process and add a data transformation module. In addition, it will rename the package names mmcv to mmcv-lite and mmcv-full to mmcv. See https://github.com/open-mmlab/mmcv/blob/master/docs/en/compatibility.md for more details.
  warnings.warn(
/home/viktor/Tools/mmdetection/mmdet/datasets/utils.py:66: UserWarning: "ImageToTensor" pipeline is replaced by "DefaultFormatBundle" for batch inference. It is recommended to manually replace it in the test data pipeline in your config file.
  warnings.warn(
start id= 2930
load checkpoint from local path: mask_rcnn_r50_caffe_fpn_mstrain-poly_3x_coco_bbox_mAP-0.408__segm_mAP-0.37_20200504_163245-42aa3d00.pth
processing time: 3
id 1820
127.0.0.1 - - [29/Jan/2023 16:31:58] "POST /upload HTTP/1.1" 200 30
/home/viktor/anaconda3/envs/openmmlab/lib/python3.8/site-packages/mmcv/__init__.py:20: UserWarning: On January 1, 2023, MMCV will release v2.0.0, in which it will remove components related to the training process and add a data transformation module. In addition, it will rename the package names mmcv to mmcv-lite and mmcv-full to mmcv. See https://github.com/open-mmlab/mmcv/blob/master/docs/en/compatibility.md for more details.
  warnings.warn(
/home/viktor/Tools/mmdetection/mmdet/datasets/utils.py:66: UserWarning: "ImageToTensor" pipeline is replaced by "DefaultFormatBundle" for batch inference. It is recommended to manually replace it in the test data pipeline in your config file.
  warnings.warn(
start id= 1820
load checkpoint from local path: mask_rcnn_r50_caffe_fpn_mstrain-poly_3x_coco_bbox_mAP-0.408__segm_mAP-0.37_20200504_163245-42aa3d00.pth
processing time: 3
id 7403
127.0.0.1 - - [29/Jan/2023 16:43:12] "POST /upload HTTP/1.1" 200 30
/home/viktor/anaconda3/envs/openmmlab/lib/python3.8/site-packages/mmcv/__init__.py:20: UserWarning: On January 1, 2023, MMCV will release v2.0.0, in which it will remove components related to the training process and add a data transformation module. In addition, it will rename the package names mmcv to mmcv-lite and mmcv-full to mmcv. See https://github.com/open-mmlab/mmcv/blob/master/docs/en/compatibility.md for more details.
  warnings.warn(
/home/viktor/Tools/mmdetection/mmdet/datasets/utils.py:66: UserWarning: "ImageToTensor" pipeline is replaced by "DefaultFormatBundle" for batch inference. It is recommended to manually replace it in the test data pipeline in your config file.
  warnings.warn(
start id= 7403
load checkpoint from local path: mask_rcnn_r50_caffe_fpn_mstrain-poly_3x_coco_bbox_mAP-0.408__segm_mAP-0.37_20200504_163245-42aa3d00.pth
processing time: 3
id 3043
127.0.0.1 - - [29/Jan/2023 16:44:28] "POST /upload HTTP/1.1" 200 30
/home/viktor/anaconda3/envs/openmmlab/lib/python3.8/site-packages/mmcv/__init__.py:20: UserWarning: On January 1, 2023, MMCV will release v2.0.0, in which it will remove components related to the training process and add a data transformation module. In addition, it will rename the package names mmcv to mmcv-lite and mmcv-full to mmcv. See https://github.com/open-mmlab/mmcv/blob/master/docs/en/compatibility.md for more details.
  warnings.warn(
/home/viktor/Tools/mmdetection/mmdet/datasets/utils.py:66: UserWarning: "ImageToTensor" pipeline is replaced by "DefaultFormatBundle" for batch inference. It is recommended to manually replace it in the test data pipeline in your config file.
  warnings.warn(
start id= 3043
load checkpoint from local path: mask_rcnn_r50_caffe_fpn_mstrain-poly_3x_coco_bbox_mAP-0.408__segm_mAP-0.37_20200504_163245-42aa3d00.pth
processing time: 3
id 4302
127.0.0.1 - - [29/Jan/2023 16:45:01] "POST /upload HTTP/1.1" 200 30
/home/viktor/anaconda3/envs/openmmlab/lib/python3.8/site-packages/mmcv/__init__.py:20: UserWarning: On January 1, 2023, MMCV will release v2.0.0, in which it will remove components related to the training process and add a data transformation module. In addition, it will rename the package names mmcv to mmcv-lite and mmcv-full to mmcv. See https://github.com/open-mmlab/mmcv/blob/master/docs/en/compatibility.md for more details.
  warnings.warn(
/home/viktor/Tools/mmdetection/mmdet/datasets/utils.py:66: UserWarning: "ImageToTensor" pipeline is replaced by "DefaultFormatBundle" for batch inference. It is recommended to manually replace it in the test data pipeline in your config file.
  warnings.warn(
start id= 4302
load checkpoint from local path: mask_rcnn_r50_caffe_fpn_mstrain-poly_3x_coco_bbox_mAP-0.408__segm_mAP-0.37_20200504_163245-42aa3d00.pth
processing time: 2
id 1199
127.0.0.1 - - [29/Jan/2023 16:47:21] "POST /upload HTTP/1.1" 200 30
/home/viktor/anaconda3/envs/openmmlab/lib/python3.8/site-packages/mmcv/__init__.py:20: UserWarning: On January 1, 2023, MMCV will release v2.0.0, in which it will remove components related to the training process and add a data transformation module. In addition, it will rename the package names mmcv to mmcv-lite and mmcv-full to mmcv. See https://github.com/open-mmlab/mmcv/blob/master/docs/en/compatibility.md for more details.
  warnings.warn(
/home/viktor/Tools/mmdetection/mmdet/datasets/utils.py:66: UserWarning: "ImageToTensor" pipeline is replaced by "DefaultFormatBundle" for batch inference. It is recommended to manually replace it in the test data pipeline in your config file.
  warnings.warn(
start id= 1199
load checkpoint from local path: mask_rcnn_r50_caffe_fpn_mstrain-poly_3x_coco_bbox_mAP-0.408__segm_mAP-0.37_20200504_163245-42aa3d00.pth
processing time: 4
